2013-03-01 16:35:15,506 - [INFO] - from play in main 
Listening for HTTP on /0:0:0:0:0:0:0:0%0:9000

2013-03-01 16:35:18,390 - [INFO] - from play in New I/O  worker #1 
Application started (Dev)

2013-03-01 16:35:19,506 - [INFO] - from play.api.mvc.WebSocket$ in New I/O  worker #13 
New connection aaa

2013-03-01 16:35:19,640 - [INFO] - from play.api.mvc.WebSocket$ in New I/O  worker #14 
New connection io

2013-03-01 16:35:35,423 - [INFO] - from play.api.mvc.WebSocket$ in New I/O  worker #5 
New connection i2

2013-03-01 16:35:40,511 - [INFO] - from play.api.mvc.WebSocket$ in ForkJoinPool-1-worker-8 
i2 disconnected

2013-03-01 16:35:40,515 - [INFO] - from application in BomberLand-akka.actor.default-dispatcher-4 
Game game is over

2013-03-01 16:35:40,852 - [INFO] - from play.api.mvc.WebSocket$ in New I/O  worker #6 
New connection i2

2013-03-01 16:36:16,730 - [INFO] - from play.api.mvc.WebSocket$ in ForkJoinPool-1-worker-6 
io disconnected

2013-03-01 16:36:48,523 - [INFO] - from play.api.mvc.WebSocket$ in ForkJoinPool-1-worker-13 
i2 disconnected

2013-03-01 16:37:30,338 - [INFO] - from play.api.mvc.WebSocket$ in ForkJoinPool-1-worker-20 
aaa disconnected

2013-03-01 16:37:30,338 - [INFO] - from application in BomberLand-akka.actor.default-dispatcher-9 
Game game2 is over

2013-03-01 16:37:30,468 - [INFO] - from play.api.mvc.WebSocket$ in New I/O  worker #7 
New connection aaa

2013-03-01 16:37:33,112 - [INFO] - from play.api.mvc.WebSocket$ in New I/O  worker #14 
New connection io

2013-03-01 16:40:30,519 - [INFO] - from application in BomberLand-akka.actor.default-dispatcher-12 
Game game2 is over

2013-03-01 16:41:29,149 - [INFO] - from play.api.mvc.WebSocket$ in ForkJoinPool-1-worker-44 
io disconnected

2013-03-01 16:41:30,287 - [INFO] - from play.api.mvc.WebSocket$ in New I/O  worker #15 
New connection io

2013-03-01 16:41:34,346 - [INFO] - from play.api.mvc.WebSocket$ in ForkJoinPool-1-worker-43 
aaa disconnected

2013-03-01 16:41:34,472 - [INFO] - from play.api.mvc.WebSocket$ in New I/O  worker #16 
New connection aaa

2013-03-01 16:42:38,812 - [INFO] - from application in BomberLand-akka.actor.default-dispatcher-19 
Game game2 is over

2013-03-01 16:43:33,029 - [INFO] - from play.api.mvc.WebSocket$ in ForkJoinPool-1-worker-54 
io disconnected

2013-03-01 16:43:34,170 - [INFO] - from play.api.mvc.WebSocket$ in New I/O  worker #1 
New connection io

2013-03-01 16:43:38,770 - [INFO] - from play.api.mvc.WebSocket$ in ForkJoinPool-1-worker-50 
aaa disconnected

2013-03-01 16:43:38,889 - [INFO] - from play.api.mvc.WebSocket$ in New I/O  worker #2 
New connection aaa

2013-03-01 16:45:11,867 - [INFO] - from play in New I/O  worker #8 
Application started (Dev)

2013-03-01 16:45:11,963 - [INFO] - from play.api.mvc.WebSocket$ in ForkJoinPool-1-worker-59 
io disconnected

2013-03-01 16:45:12,293 - [INFO] - from play.api.mvc.WebSocket$ in ForkJoinPool-1-worker-56 
aaa disconnected

2013-03-01 16:45:12,294 - [INFO] - from application in BomberLand-akka.actor.default-dispatcher-27 
Game game2 is over

2013-03-01 16:45:12,423 - [INFO] - from play.api.mvc.WebSocket$ in New I/O  worker #4 
New connection aaa

2013-03-01 16:45:13,033 - [INFO] - from play.api.mvc.WebSocket$ in New I/O  worker #5 
New connection io

